build/app/intermediates/manifest_merge_blame_file/release/manifest-merger-blame-release-report.txt
1<?xml version="1.0" encoding="utf-8"?>
2<manifest xmlns:android="http://schemas.android.com/apk/res/android"
3    package="com.example.votaciones"
4    android:versionCode="1"
5    android:versionName="1.0.0" >
6
7    <uses-sdk
8        android:minSdkVersion="21"
8-->src\main\AndroidManifest.xml
9        android:targetSdkVersion="34" />
9-->src\main\AndroidManifest.xml
10    <!-- Permisos necesarios -->
11    <uses-permission android:name="android.permission.CAMERA" />
11-->src\main\AndroidManifest.xml:3:5-64
11-->src\main\AndroidManifest.xml:3:22-62
12    <uses-permission android:name="android.permission.WRITE_EXTERNAL_STORAGE" />
12-->src\main\AndroidManifest.xml:4:5-80
12-->src\main\AndroidManifest.xml:4:22-78
13    <uses-permission android:name="android.permission.READ_EXTERNAL_STORAGE" />
13-->src\main\AndroidManifest.xml:5:5-79
13-->src\main\AndroidManifest.xml:5:22-77
14
15    <!-- Required to query activities that can process text -->
16    <queries>
16-->src\main\AndroidManifest.xml:52:5-57:15
17        <intent>
17-->src\main\AndroidManifest.xml:53:9-56:18
18            <action android:name="android.intent.action.PROCESS_TEXT" />
18-->src\main\AndroidManifest.xml:54:13-72
18-->src\main\AndroidManifest.xml:54:21-70
19
20            <data android:mimeType="text/plain" />
20-->src\main\AndroidManifest.xml:55:13-50
20-->src\main\AndroidManifest.xml:55:19-48
21        </intent>
22        <intent>
22-->[:file_picker] AndroidManifest.xml:12:9-16:18
23            <action android:name="android.intent.action.GET_CONTENT" />
23-->[:file_picker] AndroidManifest.xml:13:13-72
23-->[:file_picker] AndroidManifest.xml:13:21-69
24
25            <data android:mimeType="*/*" />
25-->src\main\AndroidManifest.xml:55:13-50
25-->src\main\AndroidManifest.xml:55:19-48
26        </intent>
27    </queries>
28
29    <uses-permission android:name="android.permission.INTERNET" />
29-->[:google_sign_in_android] AndroidManifest.xml:9:5-67
29-->[:google_sign_in_android] AndroidManifest.xml:9:22-64
30    <uses-permission android:name="android.permission.ACCESS_NETWORK_STATE" />
30-->[com.google.firebase:firebase-auth:22.3.1] AndroidManifest.xml:26:5-79
30-->[com.google.firebase:firebase-auth:22.3.1] AndroidManifest.xml:26:22-76
31    <uses-permission android:name="com.google.android.providers.gsf.permission.READ_GSERVICES" />
31-->[com.google.android.recaptcha:recaptcha:18.4.0] AndroidManifest.xml:9:5-98
31-->[com.google.android.recaptcha:recaptcha:18.4.0] AndroidManifest.xml:9:22-95
32
33    <permission
33-->[androidx.core:core:1.13.1] AndroidManifest.xml:22:5-24:47
34        android:name="com.example.votaciones.DYNAMIC_RECEIVER_NOT_EXPORTED_PERMISSION"
34-->[androidx.core:core:1.13.1] AndroidManifest.xml:23:9-81
35        android:protectionLevel="signature" />
35-->[androidx.core:core:1.13.1] AndroidManifest.xml:24:9-44
36
37    <uses-permission android:name="com.example.votaciones.DYNAMIC_RECEIVER_NOT_EXPORTED_PERMISSION" />
37-->[androidx.core:core:1.13.1] AndroidManifest.xml:26:5-97
37-->[androidx.core:core:1.13.1] AndroidManifest.xml:26:22-94
38
39    <application
40        android:name="android.app.Application"
40-->src\main\AndroidManifest.xml:9:9-42
41        android:appComponentFactory="androidx.core.app.CoreComponentFactory"
41-->[androidx.core:core:1.13.1] AndroidManifest.xml:28:18-86
42        android:icon="@mipmap/ic_launcher"
42-->src\main\AndroidManifest.xml:10:9-43
43        android:label="Ameyali" >
43-->src\main\AndroidManifest.xml:8:9-32
44
45        <!-- Meta-dato para manejar Scoped Storage en Android 11 y superiores -->
46        <meta-data
46-->src\main\AndroidManifest.xml:13:9-15:35
47            android:name="android:requestLegacyExternalStorage"
47-->src\main\AndroidManifest.xml:14:13-64
48            android:value="true" />
48-->src\main\AndroidManifest.xml:15:13-33
49
50        <activity
50-->src\main\AndroidManifest.xml:17:1-42:12
51            android:name="com.example.votaciones.MainActivity"
51-->src\main\AndroidManifest.xml:18:5-33
52            android:configChanges="orientation|keyboardHidden|keyboard|screenSize|smallestScreenSize|locale|layoutDirection|fontScale|screenLayout|density|uiMode"
52-->src\main\AndroidManifest.xml:22:5-155
53            android:exported="true"
53-->src\main\AndroidManifest.xml:19:5-28
54            android:hardwareAccelerated="true"
54-->src\main\AndroidManifest.xml:23:5-39
55            android:launchMode="singleTop"
55-->src\main\AndroidManifest.xml:20:5-35
56            android:theme="@style/LaunchTheme"
56-->src\main\AndroidManifest.xml:21:5-39
57            android:windowSoftInputMode="adjustResize" >
57-->src\main\AndroidManifest.xml:24:5-47
58            <meta-data
58-->src\main\AndroidManifest.xml:26:5-28:46
59                android:name="io.flutter.embedding.android.NormalTheme"
59-->src\main\AndroidManifest.xml:27:7-62
60                android:resource="@style/NormalTheme" />
60-->src\main\AndroidManifest.xml:28:7-44
61
62            <intent-filter>
62-->src\main\AndroidManifest.xml:30:5-33:21
63                <action android:name="android.intent.action.MAIN" />
63-->src\main\AndroidManifest.xml:31:9-60
63-->src\main\AndroidManifest.xml:31:17-58
64
65                <category android:name="android.intent.category.LAUNCHER" />
65-->src\main\AndroidManifest.xml:32:9-68
65-->src\main\AndroidManifest.xml:32:19-66
66            </intent-filter>
67            <!-- Agregar intent-filter para manejar URLs -->
68            <intent-filter>
68-->src\main\AndroidManifest.xml:35:5-41:21
69                <action android:name="android.intent.action.VIEW" />
69-->src\main\AndroidManifest.xml:36:9-61
69-->src\main\AndroidManifest.xml:36:17-58
70
71                <category android:name="android.intent.category.DEFAULT" />
71-->src\main\AndroidManifest.xml:37:9-68
71-->src\main\AndroidManifest.xml:37:19-65
72                <category android:name="android.intent.category.BROWSABLE" />
72-->src\main\AndroidManifest.xml:38:9-70
72-->src\main\AndroidManifest.xml:38:19-67
73
74                <data android:scheme="http" />
74-->src\main\AndroidManifest.xml:55:13-50
74-->src\main\AndroidManifest.xml:39:15-36
75                <data android:scheme="https" />
75-->src\main\AndroidManifest.xml:55:13-50
75-->src\main\AndroidManifest.xml:39:15-36
76            </intent-filter>
77        </activity>
78
79        <!-- Don't delete the meta-data below. -->
80        <meta-data
80-->src\main\AndroidManifest.xml:46:9-48:32
81            android:name="flutterEmbedding"
81-->src\main\AndroidManifest.xml:47:13-44
82            android:value="2" />
82-->src\main\AndroidManifest.xml:48:13-30
83
84        <service
84-->[:cloud_firestore] AndroidManifest.xml:10:9-14:19
85            android:name="com.google.firebase.components.ComponentDiscoveryService"
85-->[:cloud_firestore] AndroidManifest.xml:10:18-89
86            android:directBootAware="true"
86-->[com.google.firebase:firebase-common:20.4.3] AndroidManifest.xml:32:13-43
87            android:exported="false" >
87-->[com.google.firebase:firebase-auth:22.3.1] AndroidManifest.xml:68:13-37
88            <meta-data
88-->[:cloud_firestore] AndroidManifest.xml:11:13-13:85
89                android:name="com.google.firebase.components:io.flutter.plugins.firebase.firestore.FlutterFirebaseFirestoreRegistrar"
89-->[:cloud_firestore] AndroidManifest.xml:12:17-134
90                android:value="com.google.firebase.components.ComponentRegistrar" />
90-->[:cloud_firestore] AndroidManifest.xml:13:17-82
91            <meta-data
91-->[:firebase_auth] AndroidManifest.xml:11:13-13:85
92                android:name="com.google.firebase.components:io.flutter.plugins.firebase.auth.FlutterFirebaseAuthRegistrar"
92-->[:firebase_auth] AndroidManifest.xml:12:17-124
93                android:value="com.google.firebase.components.ComponentRegistrar" />
93-->[:firebase_auth] AndroidManifest.xml:13:17-82
94            <meta-data
94-->[:firebase_storage] AndroidManifest.xml:11:13-13:85
95                android:name="com.google.firebase.components:io.flutter.plugins.firebase.storage.FlutterFirebaseAppRegistrar"
95-->[:firebase_storage] AndroidManifest.xml:12:17-126
96                android:value="com.google.firebase.components.ComponentRegistrar" />
96-->[:firebase_storage] AndroidManifest.xml:13:17-82
97            <meta-data
97-->[:firebase_core] AndroidManifest.xml:11:13-13:85
98                android:name="com.google.firebase.components:io.flutter.plugins.firebase.core.FlutterFirebaseCoreRegistrar"
98-->[:firebase_core] AndroidManifest.xml:12:17-124
99                android:value="com.google.firebase.components.ComponentRegistrar" />
99-->[:firebase_core] AndroidManifest.xml:13:17-82
100            <meta-data
100-->[com.google.firebase:firebase-auth:22.3.1] AndroidManifest.xml:69:13-71:85
101                android:name="com.google.firebase.components:com.google.firebase.auth.FirebaseAuthRegistrar"
101-->[com.google.firebase:firebase-auth:22.3.1] AndroidManifest.xml:70:17-109
102                android:value="com.google.firebase.components.ComponentRegistrar" />
102-->[com.google.firebase:firebase-auth:22.3.1] AndroidManifest.xml:71:17-82
103            <meta-data
103-->[com.google.firebase:firebase-firestore:24.11.0] AndroidManifest.xml:17:13-19:85
104                android:name="com.google.firebase.components:com.google.firebase.firestore.FirebaseFirestoreKtxRegistrar"
104-->[com.google.firebase:firebase-firestore:24.11.0] AndroidManifest.xml:18:17-122
105                android:value="com.google.firebase.components.ComponentRegistrar" />
105-->[com.google.firebase:firebase-firestore:24.11.0] AndroidManifest.xml:19:17-82
106            <meta-data
106-->[com.google.firebase:firebase-firestore:24.11.0] AndroidManifest.xml:20:13-22:85
107                android:name="com.google.firebase.components:com.google.firebase.firestore.FirestoreRegistrar"
107-->[com.google.firebase:firebase-firestore:24.11.0] AndroidManifest.xml:21:17-111
108                android:value="com.google.firebase.components.ComponentRegistrar" />
108-->[com.google.firebase:firebase-firestore:24.11.0] AndroidManifest.xml:22:17-82
109            <meta-data
109-->[com.google.firebase:firebase-storage:20.3.0] AndroidManifest.xml:30:13-32:85
110                android:name="com.google.firebase.components:com.google.firebase.storage.FirebaseStorageKtxRegistrar"
110-->[com.google.firebase:firebase-storage:20.3.0] AndroidManifest.xml:31:17-118
111                android:value="com.google.firebase.components.ComponentRegistrar" />
111-->[com.google.firebase:firebase-storage:20.3.0] AndroidManifest.xml:32:17-82
112            <meta-data
112-->[com.google.firebase:firebase-storage:20.3.0] AndroidManifest.xml:33:13-35:85
113                android:name="com.google.firebase.components:com.google.firebase.storage.StorageRegistrar"
113-->[com.google.firebase:firebase-storage:20.3.0] AndroidManifest.xml:34:17-107
114                android:value="com.google.firebase.components.ComponentRegistrar" />
114-->[com.google.firebase:firebase-storage:20.3.0] AndroidManifest.xml:35:17-82
115            <meta-data
115-->[com.google.firebase:firebase-appcheck:17.1.2] AndroidManifest.xml:25:13-27:85
116                android:name="com.google.firebase.components:com.google.firebase.appcheck.FirebaseAppCheckKtxRegistrar"
116-->[com.google.firebase:firebase-appcheck:17.1.2] AndroidManifest.xml:26:17-120
117                android:value="com.google.firebase.components.ComponentRegistrar" />
117-->[com.google.firebase:firebase-appcheck:17.1.2] AndroidManifest.xml:27:17-82
118            <meta-data
118-->[com.google.firebase:firebase-appcheck:17.1.2] AndroidManifest.xml:28:13-30:85
119                android:name="com.google.firebase.components:com.google.firebase.appcheck.FirebaseAppCheckRegistrar"
119-->[com.google.firebase:firebase-appcheck:17.1.2] AndroidManifest.xml:29:17-117
120                android:value="com.google.firebase.components.ComponentRegistrar" />
120-->[com.google.firebase:firebase-appcheck:17.1.2] AndroidManifest.xml:30:17-82
121            <meta-data
121-->[com.google.firebase:firebase-common-ktx:20.4.3] AndroidManifest.xml:12:13-14:85
122                android:name="com.google.firebase.components:com.google.firebase.ktx.FirebaseCommonLegacyRegistrar"
122-->[com.google.firebase:firebase-common-ktx:20.4.3] AndroidManifest.xml:13:17-116
123                android:value="com.google.firebase.components.ComponentRegistrar" />
123-->[com.google.firebase:firebase-common-ktx:20.4.3] AndroidManifest.xml:14:17-82
124            <meta-data
124-->[com.google.firebase:firebase-common:20.4.3] AndroidManifest.xml:35:13-37:85
125                android:name="com.google.firebase.components:com.google.firebase.FirebaseCommonKtxRegistrar"
125-->[com.google.firebase:firebase-common:20.4.3] AndroidManifest.xml:36:17-109
126                android:value="com.google.firebase.components.ComponentRegistrar" />
126-->[com.google.firebase:firebase-common:20.4.3] AndroidManifest.xml:37:17-82
127        </service>
128
129        <provider
129-->[:image_picker_android] AndroidManifest.xml:11:9-19:20
130            android:name="io.flutter.plugins.imagepicker.ImagePickerFileProvider"
130-->[:image_picker_android] AndroidManifest.xml:12:13-82
131            android:authorities="com.example.votaciones.flutter.image_provider"
131-->[:image_picker_android] AndroidManifest.xml:13:13-74
132            android:exported="false"
132-->[:image_picker_android] AndroidManifest.xml:14:13-37
133            android:grantUriPermissions="true" >
133-->[:image_picker_android] AndroidManifest.xml:15:13-47
134            <meta-data
134-->[:image_picker_android] AndroidManifest.xml:16:13-18:75
135                android:name="android.support.FILE_PROVIDER_PATHS"
135-->[:image_picker_android] AndroidManifest.xml:17:17-67
136                android:resource="@xml/flutter_image_picker_file_paths" />
136-->[:image_picker_android] AndroidManifest.xml:18:17-72
137        </provider> <!-- Trigger Google Play services to install the backported photo picker module. -->
138        <service
138-->[:image_picker_android] AndroidManifest.xml:21:9-33:19
139            android:name="com.google.android.gms.metadata.ModuleDependencies"
139-->[:image_picker_android] AndroidManifest.xml:22:13-78
140            android:enabled="false"
140-->[:image_picker_android] AndroidManifest.xml:23:13-36
141            android:exported="false" >
141-->[:image_picker_android] AndroidManifest.xml:24:13-37
142            <intent-filter>
142-->[:image_picker_android] AndroidManifest.xml:26:13-28:29
143                <action android:name="com.google.android.gms.metadata.MODULE_DEPENDENCIES" />
143-->[:image_picker_android] AndroidManifest.xml:27:17-94
143-->[:image_picker_android] AndroidManifest.xml:27:25-91
144            </intent-filter>
145
146            <meta-data
146-->[:image_picker_android] AndroidManifest.xml:30:13-32:36
147                android:name="photopicker_activity:0:required"
147-->[:image_picker_android] AndroidManifest.xml:31:17-63
148                android:value="" />
148-->[:image_picker_android] AndroidManifest.xml:32:17-33
149        </service>
150
151        <activity
151-->[:url_launcher_android] AndroidManifest.xml:10:9-13:74
152            android:name="io.flutter.plugins.urllauncher.WebViewActivity"
152-->[:url_launcher_android] AndroidManifest.xml:11:13-74
153            android:exported="false"
153-->[:url_launcher_android] AndroidManifest.xml:12:13-37
154            android:theme="@android:style/Theme.NoTitleBar.Fullscreen" />
154-->[:url_launcher_android] AndroidManifest.xml:13:13-71
155        <activity
155-->[com.google.firebase:firebase-auth:22.3.1] AndroidManifest.xml:29:9-46:20
156            android:name="com.google.firebase.auth.internal.GenericIdpActivity"
156-->[com.google.firebase:firebase-auth:22.3.1] AndroidManifest.xml:30:13-80
157            android:excludeFromRecents="true"
157-->[com.google.firebase:firebase-auth:22.3.1] AndroidManifest.xml:31:13-46
158            android:exported="true"
158-->[com.google.firebase:firebase-auth:22.3.1] AndroidManifest.xml:32:13-36
159            android:launchMode="singleTask"
159-->[com.google.firebase:firebase-auth:22.3.1] AndroidManifest.xml:33:13-44
160            android:theme="@android:style/Theme.Translucent.NoTitleBar" >
160-->[com.google.firebase:firebase-auth:22.3.1] AndroidManifest.xml:34:13-72
161            <intent-filter>
161-->[com.google.firebase:firebase-auth:22.3.1] AndroidManifest.xml:35:13-45:29
162                <action android:name="android.intent.action.VIEW" />
162-->src\main\AndroidManifest.xml:36:9-61
162-->src\main\AndroidManifest.xml:36:17-58
163
164                <category android:name="android.intent.category.DEFAULT" />
164-->src\main\AndroidManifest.xml:37:9-68
164-->src\main\AndroidManifest.xml:37:19-65
165                <category android:name="android.intent.category.BROWSABLE" />
165-->src\main\AndroidManifest.xml:38:9-70
165-->src\main\AndroidManifest.xml:38:19-67
166
167                <data
167-->src\main\AndroidManifest.xml:55:13-50
168                    android:host="firebase.auth"
169                    android:path="/"
170                    android:scheme="genericidp" />
170-->src\main\AndroidManifest.xml:39:15-36
171            </intent-filter>
172        </activity>
173        <activity
173-->[com.google.firebase:firebase-auth:22.3.1] AndroidManifest.xml:47:9-64:20
174            android:name="com.google.firebase.auth.internal.RecaptchaActivity"
174-->[com.google.firebase:firebase-auth:22.3.1] AndroidManifest.xml:48:13-79
175            android:excludeFromRecents="true"
175-->[com.google.firebase:firebase-auth:22.3.1] AndroidManifest.xml:49:13-46
176            android:exported="true"
176-->[com.google.firebase:firebase-auth:22.3.1] AndroidManifest.xml:50:13-36
177            android:launchMode="singleTask"
177-->[com.google.firebase:firebase-auth:22.3.1] AndroidManifest.xml:51:13-44
178            android:theme="@android:style/Theme.Translucent.NoTitleBar" >
178-->[com.google.firebase:firebase-auth:22.3.1] AndroidManifest.xml:52:13-72
179            <intent-filter>
179-->[com.google.firebase:firebase-auth:22.3.1] AndroidManifest.xml:53:13-63:29
180                <action android:name="android.intent.action.VIEW" />
180-->src\main\AndroidManifest.xml:36:9-61
180-->src\main\AndroidManifest.xml:36:17-58
181
182                <category android:name="android.intent.category.DEFAULT" />
182-->src\main\AndroidManifest.xml:37:9-68
182-->src\main\AndroidManifest.xml:37:19-65
183                <category android:name="android.intent.category.BROWSABLE" />
183-->src\main\AndroidManifest.xml:38:9-70
183-->src\main\AndroidManifest.xml:38:19-67
184
185                <data
185-->src\main\AndroidManifest.xml:55:13-50
186                    android:host="firebase.auth"
187                    android:path="/"
188                    android:scheme="recaptcha" />
188-->src\main\AndroidManifest.xml:39:15-36
189            </intent-filter>
190        </activity>
191        <activity
191-->[com.google.android.gms:play-services-auth:21.0.0] AndroidManifest.xml:23:9-27:75
192            android:name="com.google.android.gms.auth.api.signin.internal.SignInHubActivity"
192-->[com.google.android.gms:play-services-auth:21.0.0] AndroidManifest.xml:24:13-93
193            android:excludeFromRecents="true"
193-->[com.google.android.gms:play-services-auth:21.0.0] AndroidManifest.xml:25:13-46
194            android:exported="false"
194-->[com.google.android.gms:play-services-auth:21.0.0] AndroidManifest.xml:26:13-37
195            android:theme="@android:style/Theme.Translucent.NoTitleBar" />
195-->[com.google.android.gms:play-services-auth:21.0.0] AndroidManifest.xml:27:13-72
196        <!--
197            Service handling Google Sign-In user revocation. For apps that do not integrate with
198            Google Sign-In, this service will never be started.
199        -->
200        <service
200-->[com.google.android.gms:play-services-auth:21.0.0] AndroidManifest.xml:33:9-37:51
201            android:name="com.google.android.gms.auth.api.signin.RevocationBoundService"
201-->[com.google.android.gms:play-services-auth:21.0.0] AndroidManifest.xml:34:13-89
202            android:exported="true"
202-->[com.google.android.gms:play-services-auth:21.0.0] AndroidManifest.xml:35:13-36
203            android:permission="com.google.android.gms.auth.api.signin.permission.REVOCATION_NOTIFICATION"
203-->[com.google.android.gms:play-services-auth:21.0.0] AndroidManifest.xml:36:13-107
204            android:visibleToInstantApps="true" />
204-->[com.google.android.gms:play-services-auth:21.0.0] AndroidManifest.xml:37:13-48
205
206        <provider
206-->[com.google.firebase:firebase-common:20.4.3] AndroidManifest.xml:23:9-28:39
207            android:name="com.google.firebase.provider.FirebaseInitProvider"
207-->[com.google.firebase:firebase-common:20.4.3] AndroidManifest.xml:24:13-77
208            android:authorities="com.example.votaciones.firebaseinitprovider"
208-->[com.google.firebase:firebase-common:20.4.3] AndroidManifest.xml:25:13-72
209            android:directBootAware="true"
209-->[com.google.firebase:firebase-common:20.4.3] AndroidManifest.xml:26:13-43
210            android:exported="false"
210-->[com.google.firebase:firebase-common:20.4.3] AndroidManifest.xml:27:13-37
211            android:initOrder="100" />
211-->[com.google.firebase:firebase-common:20.4.3] AndroidManifest.xml:28:13-36
212
213        <uses-library
213-->[androidx.window:window:1.2.0] AndroidManifest.xml:23:9-25:40
214            android:name="androidx.window.extensions"
214-->[androidx.window:window:1.2.0] AndroidManifest.xml:24:13-54
215            android:required="false" />
215-->[androidx.window:window:1.2.0] AndroidManifest.xml:25:13-37
216        <uses-library
216-->[androidx.window:window:1.2.0] AndroidManifest.xml:26:9-28:40
217            android:name="androidx.window.sidecar"
217-->[androidx.window:window:1.2.0] AndroidManifest.xml:27:13-51
218            android:required="false" />
218-->[androidx.window:window:1.2.0] AndroidManifest.xml:28:13-37
219
220        <activity
220-->[com.google.android.gms:play-services-base:18.1.0] AndroidManifest.xml:20:9-22:45
221            android:name="com.google.android.gms.common.api.GoogleApiActivity"
221-->[com.google.android.gms:play-services-base:18.1.0] AndroidManifest.xml:20:19-85
222            android:exported="false"
222-->[com.google.android.gms:play-services-base:18.1.0] AndroidManifest.xml:22:19-43
223            android:theme="@android:style/Theme.Translucent.NoTitleBar" />
223-->[com.google.android.gms:play-services-base:18.1.0] AndroidManifest.xml:21:19-78
224
225        <meta-data
225-->[com.google.android.gms:play-services-basement:18.3.0] AndroidManifest.xml:21:9-23:69
226            android:name="com.google.android.gms.version"
226-->[com.google.android.gms:play-services-basement:18.3.0] AndroidManifest.xml:22:13-58
227            android:value="@integer/google_play_services_version" />
227-->[com.google.android.gms:play-services-basement:18.3.0] AndroidManifest.xml:23:13-66
228
229        <provider
229-->[androidx.lifecycle:lifecycle-process:2.7.0] AndroidManifest.xml:24:9-32:20
230            android:name="androidx.startup.InitializationProvider"
230-->[androidx.lifecycle:lifecycle-process:2.7.0] AndroidManifest.xml:25:13-67
231            android:authorities="com.example.votaciones.androidx-startup"
231-->[androidx.lifecycle:lifecycle-process:2.7.0] AndroidManifest.xml:26:13-68
232            android:exported="false" >
232-->[androidx.lifecycle:lifecycle-process:2.7.0] AndroidManifest.xml:27:13-37
233            <meta-data
233-->[androidx.lifecycle:lifecycle-process:2.7.0] AndroidManifest.xml:29:13-31:52
234                android:name="androidx.lifecycle.ProcessLifecycleInitializer"
234-->[androidx.lifecycle:lifecycle-process:2.7.0] AndroidManifest.xml:30:17-78
235                android:value="androidx.startup" />
235-->[androidx.lifecycle:lifecycle-process:2.7.0] AndroidManifest.xml:31:17-49
236            <meta-data
236-->[androidx.profileinstaller:profileinstaller:1.3.1] AndroidManifest.xml:29:13-31:52
237                android:name="androidx.profileinstaller.ProfileInstallerInitializer"
237-->[androidx.profileinstaller:profileinstaller:1.3.1] AndroidManifest.xml:30:17-85
238                android:value="androidx.startup" />
238-->[androidx.profileinstaller:profileinstaller:1.3.1] AndroidManifest.xml:31:17-49
239        </provider>
240
241        <receiver
241-->[androidx.profileinstaller:profileinstaller:1.3.1] AndroidManifest.xml:34:9-52:20
242            android:name="androidx.profileinstaller.ProfileInstallReceiver"
242-->[androidx.profileinstaller:profileinstaller:1.3.1] AndroidManifest.xml:35:13-76
243            android:directBootAware="false"
243-->[androidx.profileinstaller:profileinstaller:1.3.1] AndroidManifest.xml:36:13-44
244            android:enabled="true"
244-->[androidx.profileinstaller:profileinstaller:1.3.1] AndroidManifest.xml:37:13-35
245            android:exported="true"
245-->[androidx.profileinstaller:profileinstaller:1.3.1] AndroidManifest.xml:38:13-36
246            android:permission="android.permission.DUMP" >
246-->[androidx.profileinstaller:profileinstaller:1.3.1] AndroidManifest.xml:39:13-57
247            <intent-filter>
247-->[androidx.profileinstaller:profileinstaller:1.3.1] AndroidManifest.xml:40:13-42:29
248                <action android:name="androidx.profileinstaller.action.INSTALL_PROFILE" />
248-->[androidx.profileinstaller:profileinstaller:1.3.1] AndroidManifest.xml:41:17-91
248-->[androidx.profileinstaller:profileinstaller:1.3.1] AndroidManifest.xml:41:25-88
249            </intent-filter>
250            <intent-filter>
250-->[androidx.profileinstaller:profileinstaller:1.3.1] AndroidManifest.xml:43:13-45:29
251                <action android:name="androidx.profileinstaller.action.SKIP_FILE" />
251-->[androidx.profileinstaller:profileinstaller:1.3.1] AndroidManifest.xml:44:17-85
251-->[androidx.profileinstaller:profileinstaller:1.3.1] AndroidManifest.xml:44:25-82
252            </intent-filter>
253            <intent-filter>
253-->[androidx.profileinstaller:profileinstaller:1.3.1] AndroidManifest.xml:46:13-48:29
254                <action android:name="androidx.profileinstaller.action.SAVE_PROFILE" />
254-->[androidx.profileinstaller:profileinstaller:1.3.1] AndroidManifest.xml:47:17-88
254-->[androidx.profileinstaller:profileinstaller:1.3.1] AndroidManifest.xml:47:25-85
255            </intent-filter>
256            <intent-filter>
256-->[androidx.profileinstaller:profileinstaller:1.3.1] AndroidManifest.xml:49:13-51:29
257                <action android:name="androidx.profileinstaller.action.BENCHMARK_OPERATION" />
257-->[androidx.profileinstaller:profileinstaller:1.3.1] AndroidManifest.xml:50:17-95
257-->[androidx.profileinstaller:profileinstaller:1.3.1] AndroidManifest.xml:50:25-92
258            </intent-filter>
259        </receiver>
260    </application>
261
262</manifest>